<?xml version="1.0" encoding="UTF-8"?>
<!-- Generated by org.testng.reporters.JUnitReportReporter -->
<testsuite hostname="Nanogenon-7000" failures="0" tests="1" name="com.assesment.comprehensive.AppTest" time="0.007" errors="0" timestamp="2021-11-19T21:04:18 IST" skipped="0">
  <testcase classname="com.assesment.comprehensive.AppTest" name="shouldAnswerWithTrue" time="0.007"/>
</testsuite> <!-- com.assesment.comprehensive.AppTest -->
